make all --print-data-base --no-builtin-variables --no-builtin-rules --question
# GNU Make 3.81
# Copyright (C) 2006  Free Software Foundation, Inc.
# This is free software; see the source for copying conditions.
# There is NO warranty; not even for MERCHANTABILITY or FITNESS FOR A
# PARTICULAR PURPOSE.

# This program built for i386-apple-darwin11.3.0

# Make data base, printed on Sat Jun 11 08:41:55 2022

# Variables

# automatic
<D = $(patsubst %/,%,$(dir $<))
# automatic
?F = $(notdir $?)
# environment
VSCODE_LOG_NATIVE = false
# automatic
?D = $(patsubst %/,%,$(dir $?))
# automatic
@D = $(patsubst %/,%,$(dir $@))
# automatic
@F = $(notdir $@)
# makefile
CURDIR := /Users/abouhmad/Desktop/mydesk_2/minishell
# makefile
SHELL = /bin/sh
# makefile (from `Makefile', line 7)
RM = @rm -rf
# environment
VSCODE_NLS_CONFIG = {"locale":"en-us","availableLanguages":{},"_languagePackSupport":true}
# environment
_ = /usr/bin/make
# makefile (from `Makefile', line 5)
CFLAGS = -Wall -Wextra -Werror
# makefile (from `Makefile', line 1)
MAKEFILE_LIST :=  Makefile
# makefile (from `Makefile', line 1)
SRCS = main.c utils.c fill.c
# environment
VSCODE_VERBOSE_LOGGING = true
# environment
VSCODE_IPC_HOOK_EXTHOST = /var/folders/zz/zyxvpxvq6csfxvn_n0000h8h000424/T/vscode-ipc-02b47b2b-f9fe-44b9-8679-ae18b78855de.sock
# environment
VSCODE_CWD = /
# environment
Apple_PubSub_Socket_Render = /private/tmp/com.apple.launchd.n3Z8NOnGPf/Render
# environment
PATH = /Users/abouhmad/.brew/bin:/usr/local/bin:/usr/bin:/bin:/usr/sbin:/sbin:/usr/local/munki:/Users/abouhmad/goinfre/Flutter/flutter/bin:/Applications/Android Studio.app/Contents/jre/Contents/Home/bin:/Users/abouhmad/Library/Android/sdk/platform-tools:/Users/abouhmad/Library/Android/sdk/tools/bin:/Users/abouhmad/goinfre/Flutter/flutter/bin:/Applications/Android Studio.app/Contents/jre/Contents/Home/bin:/Users/abouhmad/Library/Android/sdk/platform-tools:/Users/abouhmad/Library/Android/sdk/tools/bin:/Users/abouhmad/goinfre/Flutter/flutter/bin:/Applications/Android Studio.app/Contents/jre/Contents/Home/bin:/Users/abouhmad/Library/Android/sdk/platform-tools:/Users/abouhmad/Library/Android/sdk/tools/bin
# environment
LSCOLORS = Gxfxcxdxbxegedabagacad
# makefile (from `Makefile', line 9)
AR = @ar -rc
# environment
VSCODE_LOG_STACK = false
# environment
ELECTRON_RUN_AS_NODE = 1
# default
.FEATURES := target-specific order-only second-expansion else-if archives jobserver check-symlink
# environment
SSH_AUTH_SOCK = /private/tmp/com.apple.launchd.QQe3Ah5Gm6/Listeners
# automatic
%F = $(notdir $%)
# environment
HOMEBREW_TEMP = /tmp/abouhmad/Homebrew/Temp
# environment
ANDROID_SDK_HOME = /Users/abouhmad/Library/Android/sdk
# environment
VSCODE_PIPE_LOGGING = true
# environment
PWD = /Users/abouhmad/Desktop/mydesk_2/minishell
# environment
ORIGINAL_XDG_CURRENT_DESKTOP = undefined
# environment
VSCODE_AMD_ENTRYPOINT = vs/workbench/api/node/extensionHostProcess
# environment
HOME = /Users/abouhmad
# default
MAKEFILEPATH := /Applications/Xcode.app/Contents/Developer/Makefiles
# environment
VSCODE_CODE_CACHE_PATH = /Users/abouhmad/Library/Application Support/Code/CachedData/4af164ea3a06f701fe3e89a2bcbb421d2026b68f
# environment
LOGNAME = abouhmad
# environment
APPLICATION_INSIGHTS_NO_DIAGNOSTIC_CHANNEL = 1
# environment
ZSH = /Users/abouhmad/.oh-my-zsh
# environment
VSCODE_HANDLES_UNCAUGHT_ERRORS = true
# automatic
^D = $(patsubst %/,%,$(dir $^))
# environment
XPC_FLAGS = 0x0
# default
MAKE = $(MAKE_COMMAND)
# default
MAKECMDGOALS := all
# environment
HOMEBREW_CACHE = /tmp/abouhmad/Homebrew/Caches
# environment
SHLVL = 1
# makefile (from `Makefile', line 3)
CC = @cc
# environment
JAVA_HOME = /Applications/Android Studio.app/Contents/jre/Contents/Home
# default
MAKE_VERSION := 3.81
# environment
USER = abouhmad
# makefile
.DEFAULT_GOAL := all
# makefile (from `Makefile', line 11)
NAME = minishell
# environment
LESS = -R
# automatic
%D = $(patsubst %/,%,$(dir $%))
# default
MAKE_COMMAND := /Applications/Xcode.app/Contents/Developer/usr/bin/make
# default
.VARIABLES := 
# environment
TMPDIR = /var/folders/zz/zyxvpxvq6csfxvn_n0000h8h000424/T/
# automatic
*F = $(notdir $*)
# environment
VSCODE_IPC_HOOK = /Users/abouhmad/Library/Application Support/Code/1.68.0-main.sock
# makefile
MAKEFLAGS = Rrqp
# environment
MFLAGS = -Rrqp
# automatic
*D = $(patsubst %/,%,$(dir $*))
# environment
XPC_SERVICE_NAME = com.apple.xpc.launchd.oneshot.0x10000003.Electron
# automatic
+D = $(patsubst %/,%,$(dir $+))
# automatic
+F = $(notdir $+)
# makefile (from `Makefile', line 15)
sanitize = -fsanitize=thread -g && echo "\x1b[36m \n\t-fsanitize=thread:\x1b[32m Used 💥\n"
# environment
__CF_USER_TEXT_ENCODING = 0x1044:0x0:0x0
# environment
COMMAND_MODE = unix2003
# default
MAKEFILES := 
# automatic
<F = $(notdir $<)
# environment
PAGER = less
# environment
LC_ALL = C
# environment
SECURITYSESSIONID = 186a8
# automatic
^F = $(notdir $^)
# default
SUFFIXES := 
# default
.INCLUDE_DIRS = /usr/local/include
# environment
MAKELEVEL := 0
# environment
LANG = C
# environment
VSCODE_PID = 1361
# variable set hash-table stats:
# Load=78/1024=8%, Rehash=0, Collisions=4/112=4%

# Pattern-specific Variable Values

# No pattern-specific variable values.

# Directories

# . (device 16777227, inode 5613040): 11 files, no impossibilities.

# 11 files, no impossibilities in 1 directories.

# Implicit Rules

# No implicit rules.

# Files

all: minishell
#  Command-line target.
#  Implicit rule search has been done.
#  File does not exist.
#  File has been updated.
#  Needs to be updated (-q is set).
# variable set hash-table stats:
# Load=0/32=0%, Rehash=0, Collisions=0/7=0%

# Not a target:
utils.c:
#  Implicit rule search has been done.
#  Last modified 2022-06-09 12:29:20
#  File has been updated.
#  Successfully updated.
# variable set hash-table stats:
# Load=0/32=0%, Rehash=0, Collisions=0/0=0%

# Not a target:
main.c:
#  Implicit rule search has been done.
#  Last modified 2022-05-29 18:46:22
#  File has been updated.
#  Successfully updated.
# variable set hash-table stats:
# Load=0/32=0%, Rehash=0, Collisions=0/0=0%

# Not a target:
.SUFFIXES:
#  Implicit rule search has not been done.
#  Modification time never checked.
#  File has not been updated.

# Not a target:
Makefile:
#  Implicit rule search has been done.
#  Last modified 2022-05-29 16:50:32
#  File has been updated.
#  Successfully updated.
# variable set hash-table stats:
# Load=0/32=0%, Rehash=0, Collisions=0/0=0%

minishell: main.c utils.c fill.c
#  Implicit rule search has not been done.
#  Implicit/static pattern stem: `'
#  File does not exist.
#  File has been updated.
#  Needs to be updated (-q is set).
# automatic
# @ := minishell
# automatic
# % := 
# automatic
# * := 
# automatic
# + := main.c utils.c fill.c
# automatic
# | := 
# automatic
# < := main.c
# automatic
# ^ := main.c utils.c fill.c
# automatic
# ? := main.c utils.c fill.c
# variable set hash-table stats:
# Load=8/32=25%, Rehash=0, Collisions=1/15=7%
#  commands to execute (from `Makefile', line 20):
	${CC} -pthread ${CFLAGS} $(SRCS) -o $(NAME)
	@echo "\x1b[32m \x1b[1m \n✅\tMandatory Compele Success\n\t\x1b[0mPrograme name -\x1b[33m ($(NAME))\n\x1b[0m"
	

# Not a target:
fill.c:
#  Implicit rule search has been done.
#  Last modified 2022-05-29 18:45:32
#  File has been updated.
#  Successfully updated.
# variable set hash-table stats:
# Load=0/32=0%, Rehash=0, Collisions=0/0=0%

fclean: clean
#  Implicit rule search has not been done.
#  Modification time never checked.
#  File has not been updated.

# Not a target:
.DEFAULT:
#  Implicit rule search has not been done.
#  Modification time never checked.
#  File has not been updated.

re: fclean all
#  Implicit rule search has not been done.
#  Modification time never checked.
#  File has not been updated.

clean:
#  Implicit rule search has not been done.
#  Modification time never checked.
#  File has not been updated.
#  commands to execute (from `Makefile', line 24):
	${RM} ${NAME}
	@echo "\x1b[31m \x1b[1m \n✅\tDelete [$(NAME)] \x1b[32mSuccess\n\x1b[0m"
	

# files hash-table stats:
# Load=11/1024=1%, Rehash=0, Collisions=0/32=0%
# VPATH Search Paths

# No `vpath' search paths.

# No general (`VPATH' variable) search path.

 
# # of strings in strcache: 1
# # of strcache buffers: 1
# strcache size: total = 4096 / max = 4096 / min = 4096 / avg = 4096
# strcache free: total = 4087 / max = 4087 / min = 4087 / avg = 4087

# Finished Make data base on Sat Jun 11 08:41:55 2022

 
